
----------------------------------
Using stored unhandled routes!.
   To discover new routes in the angular app use "npm run scully -- --scanRoutes"
----------------------------------
Received Kill commandClosed servers


----------------------------------
Using stored unhandled routes!.
   To discover new routes in the angular app use "npm run scully -- --scanRoutes"
----------------------------------

----------------------------------
Using stored unhandled routes!.
   To discover new routes in the angular app use "npm run scully -- --scanRoutes"
----------------------------------

----------------------------------
Using stored unhandled routes!.
   To discover new routes in the angular app use "npm run scully -- --scanRoutes"
----------------------------------

----------------------------------
Using stored unhandled routes!.
   To discover new routes in the angular app use "npm run scully -- --scanRoutes"
----------------------------------

----------------------------------
Using stored unhandled routes!.
   To discover new routes in the angular app use "npm run scully -- --scanRoutes"
----------------------------------

----------------------------------
Using stored unhandled routes!.
   To discover new routes in the angular app use "npm run scully -- --scanRoutes"
----------------------------------

----------------------------------
Using stored unhandled routes!.
   To discover new routes in the angular app use "npm run scully -- --scanRoutes"
----------------------------------

----------------------------------
Using stored unhandled routes!.
   To discover new routes in the angular app use "npm run scully -- --scanRoutes"
----------------------------------
Received Kill commandClosed servers


----------------------------------
Using stored unhandled routes!.
   To discover new routes in the angular app use "npm run scully -- --scanRoutes"
----------------------------------
Received Kill commandClosed servers


----------------------------------
Using stored unhandled routes!.
   To discover new routes in the angular app use "npm run scully -- --scanRoutes"
----------------------------------
Received Kill commandClosed servers


----------------------------------
Using stored unhandled routes!.
   To discover new routes in the angular app use "npm run scully -- --scanRoutes"
----------------------------------

----------------------------------
Using stored unhandled routes!.
   To discover new routes in the angular app use "npm run scully -- --scanRoutes"
----------------------------------

----------------------------------
Using stored unhandled routes!.
   To discover new routes in the angular app use "npm run scully -- --scanRoutes"
----------------------------------

----------------------------------
Using stored unhandled routes!.
   To discover new routes in the angular app use "npm run scully -- --scanRoutes"
----------------------------------

----------------------------------
Using stored unhandled routes!.
   To discover new routes in the angular app use "npm run scully -- --scanRoutes"
----------------------------------

----------------------------------
Using stored unhandled routes!.
   To discover new routes in the angular app use "npm run scully -- --scanRoutes"
----------------------------------

----------------------------------
Using stored unhandled routes!.
   To discover new routes in the angular app use "npm run scully -- --scanRoutes"
----------------------------------

----------------------------------
Using stored unhandled routes!.
   To discover new routes in the angular app use "npm run scully -- --scanRoutes"
----------------------------------

----------------------------------
Using stored unhandled routes!.
   To discover new routes in the angular app use "npm run scully -- --scanRoutes"
----------------------------------

----------------------------------
Using stored unhandled routes!.
   To discover new routes in the angular app use "npm run scully -- --scanRoutes"
----------------------------------

----------------------------------
Using stored unhandled routes!.
   To discover new routes in the angular app use "npm run scully -- --scanRoutes"
----------------------------------

----------------------------------
Using stored unhandled routes!.
   To discover new routes in the angular app use "npm run scully -- --scanRoutes"
----------------------------------

----------------------------------
Using stored unhandled routes!.
   To discover new routes in the angular app use "npm run scully -- --scanRoutes"
----------------------------------

----------------------------------
Using stored unhandled routes!.
   To discover new routes in the angular app use "npm run scully -- --scanRoutes"
----------------------------------

----------------------------------
Using stored unhandled routes!.
   To discover new routes in the angular app use "npm run scully -- --scanRoutes"
----------------------------------

----------------------------------
Using stored unhandled routes!.
   To discover new routes in the angular app use "npm run scully -- --scanRoutes"
----------------------------------

----------------------------------
Using stored unhandled routes!.
   To discover new routes in the angular app use "npm run scully -- --scanRoutes"
----------------------------------

----------------------------------
Using stored unhandled routes!.
   To discover new routes in the angular app use "npm run scully -- --scanRoutes"
----------------------------------

----------------------------------
Using stored unhandled routes!.
   To discover new routes in the angular app use "npm run scully -- --scanRoutes"
----------------------------------

----------------------------------
Using stored unhandled routes!.
   To discover new routes in the angular app use "npm run scully -- --scanRoutes"
----------------------------------

----------------------------------
Using stored unhandled routes!.
   To discover new routes in the angular app use "npm run scully -- --scanRoutes"
----------------------------------

----------------------------------
Using stored unhandled routes!.
   To discover new routes in the angular app use "npm run scully -- --scanRoutes"
----------------------------------

----------------------------------
Using stored unhandled routes!.
   To discover new routes in the angular app use "npm run scully -- --scanRoutes"
----------------------------------

----------------------------------
Using stored unhandled routes!.
   To discover new routes in the angular app use "npm run scully -- --scanRoutes"
----------------------------------

----------------------------------
Using stored unhandled routes!.
   To discover new routes in the angular app use "npm run scully -- --scanRoutes"
----------------------------------

----------------------------------
Using stored unhandled routes!.
   To discover new routes in the angular app use "npm run scully -- --scanRoutes"
----------------------------------
****************************************************************************************
This is a development tool for Scully applications.
You can ignore the warning (TLS) or run scully with --no-warning
****************************************************************************************
----------------------------------
Using stored unhandled routes!.
   To discover new routes in the angular app use "npm run scully -- --scanRoutes"
----------------------------------
 Deprecation Notice:
       ======================================================================
         From now on, the plugin that is being used to render a route is
         able to be changed by the user. You can do this by adding or
         enabling the plugin your scully.tristan-personal.config.ts
         file. For your convenience, we loaded the Puppeteer plugin for you.

         To disable this warning enable the plugin of your choice.
         for Puppeteer please add:
             import '@scullyio/scully-plugin-puppeteer';
          to your scully.tristan-personal.config.ts file.

          When you get this warning while not using scully-plugin-puppeteer
          you need to set the defaultRouteRenderer to the name of your plugin.
          The defaultRouteRenderer is now set to 'routeRenderer'.
       ======================================================================
Scully development Server is already started running in a different folder(You can skip this, or any future question by using the --noPrompt flag)

 Deprecation Notice:
       ======================================================================
         From now on, the plugin that is being used to render a route is
         able to be changed by the user. You can do this by adding or
         enabling the plugin your scully.tristan-personal.config.ts
         file. For your convenience, we loaded the Puppeteer plugin for you.

         To disable this warning enable the plugin of your choice.
         for Puppeteer please add:
             import '@scullyio/scully-plugin-puppeteer';
          to your scully.tristan-personal.config.ts file.

          When you get this warning while not using scully-plugin-puppeteer
          you need to set the defaultRouteRenderer to the name of your plugin.
          The defaultRouteRenderer is now set to 'routeRenderer'.
       ======================================================================
Scully development Server is already started running in a different folder(You can skip this, or any future question by using the --noPrompt flag)

 Deprecation Notice:
       ======================================================================
         From now on, the plugin that is being used to render a route is
         able to be changed by the user. You can do this by adding or
         enabling the plugin your scully.tristan-personal.config.ts
         file. For your convenience, we loaded the Puppeteer plugin for you.

         To disable this warning enable the plugin of your choice.
         for Puppeteer please add:
             import '@scullyio/scully-plugin-puppeteer';
          to your scully.tristan-personal.config.ts file.

          When you get this warning while not using scully-plugin-puppeteer
          you need to set the defaultRouteRenderer to the name of your plugin.
          The defaultRouteRenderer is now set to 'routeRenderer'.
       ======================================================================
Scully development Server is already started running in a different folder(You can skip this, or any future question by using the --noPrompt flag)

NOTICE:
****************************************************************************************
  This is a development tool for Scully applications.
  You can ignore the warning (TLS) or run scully with --no-warning
**************************************************************************************** Deprecation Notice:
       ======================================================================
         From now on, the plugin that is being used to render a route is
         able to be changed by the user. You can do this by adding or
         enabling the plugin your scully.tristan-personal.config.ts
         file. For your convenience, we loaded the Puppeteer plugin for you.

         To disable this warning enable the plugin of your choice.
         for Puppeteer please add:
             import '@scullyio/scully-plugin-puppeteer';
          to your scully.tristan-personal.config.ts file.

          When you get this warning while not using scully-plugin-puppeteer
          you need to set the defaultRouteRenderer to the name of your plugin.
          The defaultRouteRenderer is now set to 'routeRenderer'.
       ======================================================================
handleUnknownRoute: "/blog/life-the-universe-and-everything/index.html", 404:""
 Deprecation Notice:
       ======================================================================
         From now on, the plugin that is being used to render a route is
         able to be changed by the user. You can do this by adding or
         enabling the plugin your scully.tristan-personal.config.ts
         file. For your convenience, we loaded the Puppeteer plugin for you.

         To disable this warning enable the plugin of your choice.
         for Puppeteer please add:
             import '@scullyio/scully-plugin-puppeteer';
          to your scully.tristan-personal.config.ts file.

          When you get this warning while not using scully-plugin-puppeteer
          you need to set the defaultRouteRenderer to the name of your plugin.
          The defaultRouteRenderer is now set to 'routeRenderer'.
       ======================================================================
--------------------------------------------------------------------   To discover new routes in the angular app use "npx scully --scanRoutes"Using stored unhandled routes!.



handleUnknownRoute: "/blog/life-the-universe-and-everything/index.html", 404:""
 Deprecation Notice:
       ======================================================================
         From now on, the plugin that is being used to render a route is
         able to be changed by the user. You can do this by adding or
         enabling the plugin your scully.tristan-personal.config.ts
         file. For your convenience, we loaded the Puppeteer plugin for you.

         To disable this warning enable the plugin of your choice.
         for Puppeteer please add:
             import '@scullyio/scully-plugin-puppeteer';
          to your scully.tristan-personal.config.ts file.

          When you get this warning while not using scully-plugin-puppeteer
          you need to set the defaultRouteRenderer to the name of your plugin.
          The defaultRouteRenderer is now set to 'routeRenderer'.
       ======================================================================
----------------------------------Using stored unhandled routes!.   To discover new routes in the angular app use "npx scully --scanRoutes"----------------------------------



handleUnknownRoute: "/blog/life-the-universe-and-everything/index.html", 404:""
handleUnknownRoute: "/blog/___UNPUBLISHED___li986eyw_Z8tDmEhXAkkYUsyL3OnbkN3X97EYSbq1/index.html", 404:""
 Deprecation Notice:
       ======================================================================
         From now on, the plugin that is being used to render a route is
         able to be changed by the user. You can do this by adding or
         enabling the plugin your scully.tristan-personal.config.ts
         file. For your convenience, we loaded the Puppeteer plugin for you.

         To disable this warning enable the plugin of your choice.
         for Puppeteer please add:
             import '@scullyio/scully-plugin-puppeteer';
          to your scully.tristan-personal.config.ts file.

          When you get this warning while not using scully-plugin-puppeteer
          you need to set the defaultRouteRenderer to the name of your plugin.
          The defaultRouteRenderer is now set to 'routeRenderer'.
       ======================================================================
----------------------------------Using stored unhandled routes!.   To discover new routes in the angular app use "npx scully --scanRoutes"----------------------------------



handleUnknownRoute: "/blog/decordle-late-to-the-party/index.html", 404:""
handleUnknownRoute: "/blog/life-the-universe-and-everything/index.html", 404:""
 Deprecation Notice:
       ======================================================================
         From now on, the plugin that is being used to render a route is
         able to be changed by the user. You can do this by adding or
         enabling the plugin your scully.tristan-personal.config.ts
         file. For your convenience, we loaded the Puppeteer plugin for you.

         To disable this warning enable the plugin of your choice.
         for Puppeteer please add:
             import '@scullyio/scully-plugin-puppeteer';
          to your scully.tristan-personal.config.ts file.

          When you get this warning while not using scully-plugin-puppeteer
          you need to set the defaultRouteRenderer to the name of your plugin.
          The defaultRouteRenderer is now set to 'routeRenderer'.
       ======================================================================
----------------------------------Using stored unhandled routes!.   To discover new routes in the angular app use "npx scully --scanRoutes"----------------------------------



 Deprecation Notice:
       ======================================================================
         From now on, the plugin that is being used to render a route is
         able to be changed by the user. You can do this by adding or
         enabling the plugin your scully.tristan-personal.config.ts
         file. For your convenience, we loaded the Puppeteer plugin for you.

         To disable this warning enable the plugin of your choice.
         for Puppeteer please add:
             import '@scullyio/scully-plugin-puppeteer';
          to your scully.tristan-personal.config.ts file.

          When you get this warning while not using scully-plugin-puppeteer
          you need to set the defaultRouteRenderer to the name of your plugin.
          The defaultRouteRenderer is now set to 'routeRenderer'.
       ======================================================================
--------------------------------------------------------------------Using stored unhandled routes!.   To discover new routes in the angular app use "npx scully --scanRoutes"



 Deprecation Notice:
       ======================================================================
         From now on, the plugin that is being used to render a route is
         able to be changed by the user. You can do this by adding or
         enabling the plugin your scully.tristan-personal.config.ts
         file. For your convenience, we loaded the Puppeteer plugin for you.

         To disable this warning enable the plugin of your choice.
         for Puppeteer please add:
             import '@scullyio/scully-plugin-puppeteer';
          to your scully.tristan-personal.config.ts file.

          When you get this warning while not using scully-plugin-puppeteer
          you need to set the defaultRouteRenderer to the name of your plugin.
          The defaultRouteRenderer is now set to 'routeRenderer'.
       ======================================================================
----------------------------------Using stored unhandled routes!.   To discover new routes in the angular app use "npx scully --scanRoutes"----------------------------------



 Deprecation Notice:
       ======================================================================
         From now on, the plugin that is being used to render a route is
         able to be changed by the user. You can do this by adding or
         enabling the plugin your scully.tristan-personal.config.ts
         file. For your convenience, we loaded the Puppeteer plugin for you.

         To disable this warning enable the plugin of your choice.
         for Puppeteer please add:
             import '@scullyio/scully-plugin-puppeteer';
          to your scully.tristan-personal.config.ts file.

          When you get this warning while not using scully-plugin-puppeteer
          you need to set the defaultRouteRenderer to the name of your plugin.
          The defaultRouteRenderer is now set to 'routeRenderer'.
       ======================================================================
Using stored unhandled routes!.----------------------------------   To discover new routes in the angular app use "npx scully --scanRoutes"----------------------------------



 Deprecation Notice:
       ======================================================================
         From now on, the plugin that is being used to render a route is
         able to be changed by the user. You can do this by adding or
         enabling the plugin your scully.tristan-personal.config.ts
         file. For your convenience, we loaded the Puppeteer plugin for you.

         To disable this warning enable the plugin of your choice.
         for Puppeteer please add:
             import '@scullyio/scully-plugin-puppeteer';
          to your scully.tristan-personal.config.ts file.

          When you get this warning while not using scully-plugin-puppeteer
          you need to set the defaultRouteRenderer to the name of your plugin.
          The defaultRouteRenderer is now set to 'routeRenderer'.
       ======================================================================
--------------------------------------------------------------------Using stored unhandled routes!.   To discover new routes in the angular app use "npx scully --scanRoutes"



 Deprecation Notice:
       ======================================================================
         From now on, the plugin that is being used to render a route is
         able to be changed by the user. You can do this by adding or
         enabling the plugin your scully.tristan-personal.config.ts
         file. For your convenience, we loaded the Puppeteer plugin for you.

         To disable this warning enable the plugin of your choice.
         for Puppeteer please add:
             import '@scullyio/scully-plugin-puppeteer';
          to your scully.tristan-personal.config.ts file.

          When you get this warning while not using scully-plugin-puppeteer
          you need to set the defaultRouteRenderer to the name of your plugin.
          The defaultRouteRenderer is now set to 'routeRenderer'.
       ======================================================================
Using stored unhandled routes!.----------------------------------   To discover new routes in the angular app use "npx scully --scanRoutes"----------------------------------



 Deprecation Notice:
       ======================================================================
         From now on, the plugin that is being used to render a route is
         able to be changed by the user. You can do this by adding or
         enabling the plugin your scully.tristan-personal.config.ts
         file. For your convenience, we loaded the Puppeteer plugin for you.

         To disable this warning enable the plugin of your choice.
         for Puppeteer please add:
             import '@scullyio/scully-plugin-puppeteer';
          to your scully.tristan-personal.config.ts file.

          When you get this warning while not using scully-plugin-puppeteer
          you need to set the defaultRouteRenderer to the name of your plugin.
          The defaultRouteRenderer is now set to 'routeRenderer'.
       ======================================================================
----------------------------------Using stored unhandled routes!.   To discover new routes in the angular app use "npx scully --scanRoutes"----------------------------------



 Deprecation Notice:
       ======================================================================
         From now on, the plugin that is being used to render a route is
         able to be changed by the user. You can do this by adding or
         enabling the plugin your scully.tristan-personal.config.ts
         file. For your convenience, we loaded the Puppeteer plugin for you.

         To disable this warning enable the plugin of your choice.
         for Puppeteer please add:
             import '@scullyio/scully-plugin-puppeteer';
          to your scully.tristan-personal.config.ts file.

          When you get this warning while not using scully-plugin-puppeteer
          you need to set the defaultRouteRenderer to the name of your plugin.
          The defaultRouteRenderer is now set to 'routeRenderer'.
       ======================================================================
----------------------------------Using stored unhandled routes!.   To discover new routes in the angular app use "npx scully --scanRoutes"----------------------------------



